[00:00:41] [Server thread/INFO]: Gave 1 [gracias por el totem] to lunek334
[00:00:41] [Server thread/INFO]: Gave 1 [Enchanted Golden Apple] to lunek334
[00:00:41] [Server thread/INFO]: Gave 1 [gracias por el totem] to lunek334
[00:00:41] [Server thread/INFO]: Gave 1 [Enchanted Golden Apple] to lunek334
[00:01:34] [Server thread/INFO]: Summoned new Zombie
[00:02:18] [Server thread/INFO]: lunek334 lost connection: Disconnected
[00:02:18] [Server thread/INFO]: lunek334 left the game
[00:03:26] [User Authenticator #3/INFO]: UUID of player lunek334 is b767140b-7caa-36cd-b2f7-9432f16fcc59
[00:03:26] [Server thread/INFO]: lunek334 joined the game
[00:03:26] [Server thread/INFO]: lunek334[/127.199.189.5:35321] logged in with entity id 3931 at ([world]-719.5940645424794, 68.0, -579.466475361724)
[00:03:38] [Server thread/INFO]: lunek334 issued server command: /time set day
[00:03:38] [Server thread/INFO]: [lunek334: Set the time to 1000]
[00:03:45] [Server thread/INFO]: lunek334 issued server command: /gamemode creative
[00:03:45] [Server thread/INFO]: [lunek334: Set own game mode to Creative Mode]
[00:04:18] [Server thread/INFO]: lunek334 issued server command: /gamemode survival
[00:04:18] [Server thread/INFO]: [lunek334: Set own game mode to Survival Mode]
[00:05:43] [Server thread/INFO]: Summoned new Zombie
[00:05:50] [Server thread/INFO]: Summoned new Zombie
[00:05:53] [Server thread/INFO]: Summoned new Zombie
[00:05:56] [Server thread/INFO]: Summoned new Zombie
[00:06:00] [Server thread/INFO]: Summoned new Zombie
[00:06:03] [Server thread/INFO]: Summoned new Zombie
[00:06:05] [Server thread/INFO]: Summoned new Zombie
[00:06:10] [Server thread/INFO]: Summoned new Zombie
[00:06:12] [Server thread/INFO]: Summoned new Zombie
[00:06:16] [Server thread/INFO]: Summoned new Zombie
[00:06:20] [Server thread/INFO]: Summoned new Zombie
[00:06:23] [Server thread/INFO]: Summoned new Zombie
[00:06:25] [Server thread/INFO]: Summoned new Zombie
[00:06:26] [Server thread/INFO]: Gave 1 [Enchanted Golden Apple] to lunek334
[00:06:26] [Server thread/INFO]: Gave 1 [gracias por el totem] to lunek334
[00:06:30] [Server thread/INFO]: Summoned new Zombie
[00:06:33] [Server thread/INFO]: Summoned new Zombie
[00:06:36] [Server thread/INFO]: Summoned new Zombie
[00:06:41] [Server thread/INFO]: Summoned new Zombie
[00:06:44] [Server thread/INFO]: Summoned new Zombie
[00:06:47] [Server thread/INFO]: Summoned new Zombie
[00:06:52] [Server thread/INFO]: Summoned new Zombie
[00:06:55] [Server thread/INFO]: Summoned new Zombie
[00:06:57] [Server thread/INFO]: Summoned new Zombie
[00:07:04] [Server thread/INFO]: Summoned new Zombie
[00:07:06] [Server thread/INFO]: Summoned new Zombie
[00:07:09] [Server thread/INFO]: Summoned new Zombie
[00:07:14] [Server thread/INFO]: Summoned new Zombie
[00:07:17] [Server thread/INFO]: Summoned new Zombie
[00:07:21] [Server thread/INFO]: Summoned new Zombie
[00:07:26] [Server thread/INFO]: Summoned new Zombie
[00:07:29] [Server thread/INFO]: Summoned new Zombie
[00:07:32] [Server thread/INFO]: Summoned new Zombie
[00:07:38] [Server thread/INFO]: Summoned new Zombie
[00:07:40] [Server thread/INFO]: Summoned new Zombie
[00:07:43] [Server thread/INFO]: Summoned new Zombie
[00:07:49] [Server thread/INFO]: Summoned new Zombie
[00:07:52] [Server thread/INFO]: Summoned new Zombie
[00:07:55] [Server thread/INFO]: Summoned new Zombie
[00:08:01] [Server thread/INFO]: Summoned new Zombie
